<?xml version="1.0" encoding="UTF-8"?>
<testng-results ignored="0" total="1" passed="1" failed="0" skipped="0">
  <reporter-output>
  </reporter-output>
  <suite started-at="2021-07-24T21:26:25 EET" name="Surefire suite" finished-at="2021-07-24T21:27:04 EET" duration-ms="38999">
    <groups>
    </groups>
    <test started-at="2021-07-24T21:26:25 EET" name="Surefire test" finished-at="2021-07-24T21:27:04 EET" duration-ms="38999">
      <class name="com.amazon.test_ui.AmazonUiTest">
        <test-method signature="extensionInstall()" started-at="2021-07-24T21:26:25 EET" name="extensionInstall" finished-at="2021-07-24T21:27:04 EET" duration-ms="38935" status="PASS">
          <reporter-output>
          </reporter-output>
        </test-method> <!-- extensionInstall -->
      </class> <!-- com.amazon.test_ui.AmazonUiTest -->
    </test> <!-- Surefire test -->
  </suite> <!-- Surefire suite -->
</testng-results>
